nohup: ignoring input
[04:19:42] ============================================================
[04:19:42] 전체 인덱싱 파이프라인 재실행 시작
[04:19:42] ============================================================
[04:19:42] Blob 파일 수 집계 중...
[04:19:43]   판례                   (processed-documents/prec/): 9개
[04:19:43]   헌법재판소 결정례            (processed-documents/detc/): 6개
[04:19:43]   법제처 해석례              (processed-documents/expc/): 1개
[04:19:43]   행정심판 재결례             (processed-documents/admrul/): 7개
[04:19:43] ============================================================
[04:19:43] [판례] 파이프라인 재생성 + 인덱서 실행 (source=prec)
[04:19:43] ============================================================
    상태: inProgress (처리 0건, 실패 0건)
    상태: inProgress (처리 0건, 실패 0건)
    상태: inProgress (처리 500건, 실패 0건)
    상태: inProgress (처리 500건, 실패 0건)
    상태: inProgress (처리 500건, 실패 0건)
    상태: inProgress (처리 500건, 실패 0건)
    상태: inProgress (처리 900건, 실패 0건)
    상태: inProgress (처리 900건, 실패 0건)
    상태: inProgress (처리 900건, 실패 0건)
    상태: inProgress (처리 900건, 실패 0건)
    상태: inProgress (처리 1021건, 실패 0건)
    상태: inProgress (처리 1021건, 실패 0건)
    상태: inProgress (처리 1021건, 실패 0건)
    상태: inProgress (처리 1021건, 실패 0건)
    상태: inProgress (처리 1021건, 실패 0건)
    상태: inProgress (처리 1021건, 실패 0건)
    상태: inProgress (처리 1021건, 실패 0건)
    상태: inProgress (처리 1021건, 실패 0건)
    상태: inProgress (처리 1021건, 실패 0건)
    상태: inProgress (처리 1021건, 실패 0건)
    상태: inProgress (처리 1021건, 실패 0건)
    상태: inProgress (처리 1371건, 실패 0건)
    상태: inProgress (처리 1371건, 실패 0건)
    상태: inProgress (처리 1371건, 실패 0건)
    상태: inProgress (처리 1371건, 실패 0건)
    상태: inProgress (처리 1621건, 실패 0건)
    상태: inProgress (처리 1621건, 실패 0건)
    상태: inProgress (처리 1621건, 실패 0건)
    상태: inProgress (처리 1921건, 실패 0건)
    상태: inProgress (처리 1921건, 실패 0건)
    상태: inProgress (처리 1921건, 실패 0건)
    상태: inProgress (처리 1921건, 실패 0건)
    상태: inProgress (처리 2271건, 실패 0건)
    상태: inProgress (처리 2271건, 실패 0건)
    상태: inProgress (처리 2271건, 실패 0건)
    상태: inProgress (처리 2271건, 실패 0건)
    상태: inProgress (처리 2721건, 실패 0건)
    타임아웃 — 모니터링 종료

============================================================
✓ 파이프라인 설정 완료!
  Indexer가 매 PT24H 간격으로 자동 실행됩니다.
  신규/변경 데이터가 없으면 자동으로 skip합니다.

  인덱스 목록:
    - prec-court-index (semantic: prec-semantic)

  수동 실행:
    uv run python scripts/setup_ai_search_pipeline.py --source prec --run
    uv run python scripts/setup_ai_search_pipeline.py --run
[04:30:01] [판례] 완료: rc=0, 소요=617.7s (10분 17초)
[04:30:01] ============================================================
[04:30:01] [헌법재판소 결정례] 파이프라인 재생성 + 인덱서 실행 (source=detc)
[04:30:01] ============================================================
============================================================
AI Search 법률 인덱싱 파이프라인 설정
============================================================
  Search    : https://search-ragi-63325wdo.search.windows.net
  Container : processed-documents
  스케줄    : PT24H (start: 2026-01-01T06:00:00Z)
  대상      : detc

[사전 확인] AI Search Shared Private Link 승인 필요:
  az search shared-private-link-resource list \
      --service-name <search-name> --resource-group <rg>
  → status가 'Approved'인지 확인


────────────────────────────────────────────────────────────
  [detc] const-court-index
────────────────────────────────────────────────────────────
  - Indexer 'const-blob-indexer' reset 완료
[Index] const-court-index
  ✓ Index 'const-court-index' 생성 완료
[Skillset] const-rag-skillset
  - 기존 /skillsets/const-rag-skillset 삭제
  ✓ Skillset 'const-rag-skillset' 생성 완료 (임베딩: /document/결정요지)
[DataSource] const-blob-datasource
  - 기존 /datasources/const-blob-datasource 삭제
  ✓ DataSource 'const-blob-datasource' 생성 완료 (processed-documents/detc/)
[Indexer] const-blob-indexer
  - 기존 /indexers/const-blob-indexer 삭제
  ✓ Indexer 'const-blob-indexer' 생성 완료 (매 PT24H 실행)
  → Indexer 'const-blob-indexer' 실행 요청
    상태: unknown (처리 0건, 실패 0건)
    상태: inProgress (처리 0건, 실패 0건)
    상태: inProgress (처리 0건, 실패 0건)
    상태: inProgress (처리 0건, 실패 0건)
    상태: inProgress (처리 0건, 실패 0건)
    상태: inProgress (처리 0건, 실패 0건)
    상태: transientFailure (처리 7236건, 실패 2079건)

============================================================
✓ 파이프라인 설정 완료!
  Indexer가 매 PT24H 간격으로 자동 실행됩니다.
  신규/변경 데이터가 없으면 자동으로 skip합니다.

  인덱스 목록:
    - const-court-index (semantic: const-semantic)

  수동 실행:
    uv run python scripts/setup_ai_search_pipeline.py --source prec --run
    uv run python scripts/setup_ai_search_pipeline.py --run

[04:31:54] [헌법재판소 결정례] 완료: rc=0, 소요=113.1s (1분 53초)
[04:31:54] ============================================================
[04:31:54] [법제처 해석례] 파이프라인 재생성 + 인덱서 실행 (source=expc)
[04:31:54] ============================================================
    상태: inProgress (처리 0건, 실패 0건)
    상태: inProgress (처리 0건, 실패 0건)
    상태: inProgress (처리 0건, 실패 0건)
    상태: inProgress (처리 500건, 실패 0건)
    상태: inProgress (처리 500건, 실패 0건)
    상태: inProgress (처리 1000건, 실패 0건)
    상태: inProgress (처리 1500건, 실패 0건)
    상태: inProgress (처리 1500건, 실패 0건)
    상태: inProgress (처리 1500건, 실패 0건)
    상태: inProgress (처리 1500건, 실패 0건)
    상태: inProgress (처리 2000건, 실패 0건)
    상태: inProgress (처리 2000건, 실패 0건)
    상태: inProgress (처리 2500건, 실패 0건)
    상태: inProgress (처리 3000건, 실패 0건)
    상태: inProgress (처리 3000건, 실패 0건)
    상태: inProgress (처리 4000건, 실패 0건)
    상태: inProgress (처리 4000건, 실패 0건)
    상태: inProgress (처리 4000건, 실패 0건)
    상태: inProgress (처리 4000건, 실패 0건)
    상태: inProgress (처리 4000건, 실패 0건)
    상태: inProgress (처리 4000건, 실패 0건)
    상태: inProgress (처리 4497건, 실패 0건)
    상태: inProgress (처리 4497건, 실패 0건)
    상태: inProgress (처리 4497건, 실패 0건)
    상태: inProgress (처리 4497건, 실패 0건)
    상태: inProgress (처리 5647건, 실패 0건)
    상태: inProgress (처리 5647건, 실패 0건)
    상태: inProgress (처리 5647건, 실패 0건)
    상태: inProgress (처리 5647건, 실패 0건)
    상태: inProgress (처리 6797건, 실패 0건)
    상태: inProgress (처리 6797건, 실패 0건)
    상태: inProgress (처리 6797건, 실패 0건)
    상태: inProgress (처리 6797건, 실패 0건)
    상태: inProgress (처리 7497건, 실패 0건)
    상태: inProgress (처리 7497건, 실패 0건)
    상태: inProgress (처리 7497건, 실패 0건)
    상태: inProgress (처리 7897건, 실패 0건)
    타임아웃 — 모니터링 종료

============================================================
✓ 파이프라인 설정 완료!
  Indexer가 매 PT24H 간격으로 자동 실행됩니다.
  신규/변경 데이터가 없으면 자동으로 skip합니다.

  인덱스 목록:
    - legis-interp-index (semantic: interp-semantic)

  수동 실행:
    uv run python scripts/setup_ai_search_pipeline.py --source prec --run
    uv run python scripts/setup_ai_search_pipeline.py --run
[04:42:10] [법제처 해석례] 완료: rc=0, 소요=615.6s (10분 15초)
[04:42:10] ============================================================
[04:42:10] [행정심판 재결례] 파이프라인 재생성 + 인덱서 실행 (source=admrul)
[04:42:10] ============================================================
    상태: inProgress (처리 0건, 실패 0건)
    상태: inProgress (처리 0건, 실패 0건)
    상태: inProgress (처리 500건, 실패 0건)
    상태: inProgress (처리 500건, 실패 0건)
    상태: inProgress (처리 500건, 실패 0건)
    상태: inProgress (처리 1000건, 실패 0건)
    상태: inProgress (처리 1000건, 실패 0건)
    상태: inProgress (처리 1000건, 실패 0건)
    상태: inProgress (처리 1000건, 실패 0건)
    상태: inProgress (처리 1500건, 실패 0건)
    상태: inProgress (처리 2000건, 실패 0건)
    상태: inProgress (처리 2000건, 실패 0건)
    상태: inProgress (처리 2000건, 실패 0건)
    상태: inProgress (처리 2000건, 실패 0건)
    상태: inProgress (처리 2000건, 실패 0건)
    상태: inProgress (처리 2000건, 실패 0건)
    상태: inProgress (처리 2407건, 실패 0건)
    상태: inProgress (처리 2407건, 실패 0건)
    상태: inProgress (처리 2407건, 실패 0건)
    상태: inProgress (처리 2407건, 실패 0건)
    상태: inProgress (처리 2907건, 실패 1건)
    상태: inProgress (처리 2907건, 실패 1건)
    상태: inProgress (처리 2907건, 실패 1건)
    상태: inProgress (처리 2907건, 실패 1건)
    상태: inProgress (처리 4007건, 실패 1건)
    상태: inProgress (처리 4007건, 실패 1건)
    상태: inProgress (처리 4007건, 실패 1건)
    상태: inProgress (처리 4007건, 실패 1건)
    상태: inProgress (처리 4007건, 실패 1건)
    상태: inProgress (처리 4007건, 실패 1건)
    상태: inProgress (처리 4357건, 실패 1건)
    상태: inProgress (처리 4357건, 실패 1건)
    상태: inProgress (처리 4357건, 실패 1건)
    상태: inProgress (처리 4357건, 실패 1건)
    상태: inProgress (처리 5207건, 실패 1건)
    상태: inProgress (처리 5207건, 실패 1건)
    상태: inProgress (처리 5207건, 실패 1건)
    타임아웃 — 모니터링 종료

============================================================
✓ 파이프라인 설정 완료!
  Indexer가 매 PT24H 간격으로 자동 실행됩니다.
  신규/변경 데이터가 없으면 자동으로 skip합니다.

  인덱스 목록:
    - admin-appeal-index (semantic: admin-semantic)

  수동 실행:
    uv run python scripts/setup_ai_search_pipeline.py --source prec --run
    uv run python scripts/setup_ai_search_pipeline.py --run
[04:52:25] [행정심판 재결례] 완료: rc=0, 소요=615.1s (10분 15초)
[04:52:25] 모든 인덱서 완료 대기 중...
[05:12:30] ⚠️ 타임아웃 (1200s) — 일부 인덱서가 아직 실행 중일 수 있습니다.
[05:12:30] Knowledge Sources + Agent 재등록 중...
[05:12:32]   KS 'ks-prec' <- prec-court-index: 204
[05:12:32]   KS 'ks-const' <- const-court-index: 204
[05:12:33]   KS 'ks-interp' <- legis-interp-index: 204
[05:12:33]   KS 'ks-admin' <- admin-appeal-index: 204
[05:12:34]   Agent 'legal-knowledge-agent': 204
[05:12:34]   ✅ Knowledge Agent 등록 완료
[05:12:34] report.md 생성 중...
[05:12:45] report.md 저장 완료: /home/azureuser/localfiles/azure-ai-search-deepdive/report.md
[05:12:45] 전체 완료! 총 소요: 3183.5s (53분 3초)
[05:12:45] 리포트: /home/azureuser/localfiles/azure-ai-search-deepdive/scripts/../report.md
